<?xml version="1.0" encoding="UTF-8"?>
<coverage generated="1514294832753" clover="3.2.0">
  <project timestamp="1514294832753" name="All files">
    <metrics statements="105" coveredstatements="66" conditionals="30" coveredconditionals="12" methods="48" coveredmethods="16" elements="183" coveredelements="94" complexity="0" loc="105" ncloc="105" packages="8" files="15" classes="15">
      <package name="v3">
        <metrics statements="1" coveredstatements="1" conditionals="0" coveredconditionals="0" methods="0" coveredmethods="0"/>
        <file name="empty-module.js" path="/Volumes/workspace/diary/dec12/matchboxes/v3/empty-module.js">
          <metrics statements="1" coveredstatements="1" conditionals="0" coveredconditionals="0" methods="0" coveredmethods="0"/>
          <line num="1" count="2" type="stmt"/>
        </file>
      </package>
      <package name="v3.src">
        <metrics statements="2" coveredstatements="2" conditionals="2" coveredconditionals="1" methods="0" coveredmethods="0"/>
        <file name="store.js" path="/Volumes/workspace/diary/dec12/matchboxes/v3/src/store.js">
          <metrics statements="2" coveredstatements="2" conditionals="2" coveredconditionals="1" methods="0" coveredmethods="0"/>
          <line num="12" count="1" type="stmt"/>
          <line num="16" count="1" type="stmt"/>
        </file>
      </package>
      <package name="v3.src.actions">
        <metrics statements="17" coveredstatements="13" conditionals="2" coveredconditionals="0" methods="9" coveredmethods="5"/>
        <file name="index.js" path="/Volumes/workspace/diary/dec12/matchboxes/v3/src/actions/index.js">
          <metrics statements="17" coveredstatements="13" conditionals="2" coveredconditionals="0" methods="9" coveredmethods="5"/>
          <line num="1" count="3" type="stmt"/>
          <line num="2" count="3" type="stmt"/>
          <line num="5" count="3" type="stmt"/>
          <line num="6" count="4" type="stmt"/>
          <line num="7" count="4" type="stmt"/>
          <line num="8" count="4" type="stmt"/>
          <line num="9" count="1" type="stmt"/>
          <line num="10" count="1" type="stmt"/>
          <line num="11" count="0" type="stmt"/>
          <line num="15" count="3" type="stmt"/>
          <line num="16" count="1" type="stmt"/>
          <line num="22" count="3" type="stmt"/>
          <line num="27" count="3" type="stmt"/>
          <line num="28" count="0" type="cond" truecount="0" falsecount="2"/>
          <line num="29" count="0" type="stmt"/>
          <line num="34" count="0" type="stmt"/>
          <line num="40" count="3" type="stmt"/>
        </file>
      </package>
      <package name="v3.src.components">
        <metrics statements="39" coveredstatements="15" conditionals="10" coveredconditionals="0" methods="21" coveredmethods="1"/>
        <file name="Cart.js" path="/Volumes/workspace/diary/dec12/matchboxes/v3/src/components/Cart.js">
          <metrics statements="5" coveredstatements="1" conditionals="2" coveredconditionals="0" methods="1" coveredmethods="0"/>
          <line num="5" count="1" type="stmt"/>
          <line num="6" count="0" type="stmt"/>
          <line num="7" count="0" type="stmt"/>
          <line num="13" count="0" type="cond" truecount="0" falsecount="2"/>
          <line num="21" count="0" type="stmt"/>
        </file>
        <file name="CartContainer.js" path="/Volumes/workspace/diary/dec12/matchboxes/v3/src/components/CartContainer.js">
          <metrics statements="4" coveredstatements="2" conditionals="0" coveredconditionals="0" methods="2" coveredmethods="0"/>
          <line num="12" count="1" type="stmt"/>
          <line num="13" count="0" type="stmt"/>
          <line num="26" count="1" type="stmt"/>
          <line num="27" count="0" type="stmt"/>
        </file>
        <file name="Checkout.js" path="/Volumes/workspace/diary/dec12/matchboxes/v3/src/components/Checkout.js">
          <metrics statements="5" coveredstatements="3" conditionals="0" coveredconditionals="0" methods="2" coveredmethods="0"/>
          <line num="9" count="1" type="stmt"/>
          <line num="28" count="1" type="stmt"/>
          <line num="29" count="0" type="stmt"/>
          <line num="106" count="1" type="stmt"/>
          <line num="107" count="0" type="stmt"/>
        </file>
        <file name="Product.js" path="/Volumes/workspace/diary/dec12/matchboxes/v3/src/components/Product.js">
          <metrics statements="6" coveredstatements="3" conditionals="2" coveredconditionals="0" methods="3" coveredmethods="0"/>
          <line num="3" count="1" type="stmt"/>
          <line num="11" count="1" type="stmt"/>
          <line num="13" count="0" type="stmt"/>
          <line num="19" count="0" type="stmt"/>
          <line num="42" count="1" type="stmt"/>
          <line num="44" count="0" type="stmt"/>
        </file>
        <file name="ProductItem.js" path="/Volumes/workspace/diary/dec12/matchboxes/v3/src/components/ProductItem.js">
          <metrics statements="4" coveredstatements="3" conditionals="0" coveredconditionals="0" methods="2" coveredmethods="1"/>
          <line num="8" count="1" type="stmt"/>
          <line num="9" count="1" type="stmt"/>
          <line num="10" count="1" type="stmt"/>
          <line num="25" count="0" type="stmt"/>
        </file>
        <file name="Products.js" path="/Volumes/workspace/diary/dec12/matchboxes/v3/src/components/Products.js">
          <metrics statements="6" coveredstatements="2" conditionals="2" coveredconditionals="0" methods="4" coveredmethods="0"/>
          <line num="3" count="1" type="stmt"/>
          <line num="14" count="0" type="stmt"/>
          <line num="20" count="0" type="stmt"/>
          <line num="25" count="0" type="stmt"/>
          <line num="33" count="1" type="stmt"/>
          <line num="34" count="0" type="stmt"/>
        </file>
        <file name="TableCart.js" path="/Volumes/workspace/diary/dec12/matchboxes/v3/src/components/TableCart.js">
          <metrics statements="9" coveredstatements="1" conditionals="4" coveredconditionals="0" methods="7" coveredmethods="0"/>
          <line num="9" count="0" type="stmt"/>
          <line num="14" count="0" type="cond" truecount="0" falsecount="2"/>
          <line num="15" count="0" type="stmt"/>
          <line num="22" count="0" type="stmt"/>
          <line num="28" count="0" type="stmt"/>
          <line num="31" count="0" type="stmt"/>
          <line num="43" count="0" type="cond" truecount="0" falsecount="2"/>
          <line num="49" count="0" type="stmt"/>
          <line num="58" count="1" type="stmt"/>
        </file>
      </package>
      <package name="v3.src.containers">
        <metrics statements="4" coveredstatements="4" conditionals="0" coveredconditionals="0" methods="2" coveredmethods="2"/>
        <file name="App.js" path="/Volumes/workspace/diary/dec12/matchboxes/v3/src/containers/App.js">
          <metrics statements="4" coveredstatements="4" conditionals="0" coveredconditionals="0" methods="2" coveredmethods="2"/>
          <line num="9" count="1" type="stmt"/>
          <line num="20" count="3" type="stmt"/>
          <line num="25" count="3" type="stmt"/>
          <line num="29" count="3" type="stmt"/>
        </file>
      </package>
      <package name="v3.src.reducers">
        <metrics statements="22" coveredstatements="18" conditionals="14" coveredconditionals="9" methods="4" coveredmethods="4"/>
        <file name="cart.js" path="/Volumes/workspace/diary/dec12/matchboxes/v3/src/reducers/cart.js">
          <metrics statements="18" coveredstatements="14" conditionals="11" coveredconditionals="6" methods="3" coveredmethods="3"/>
          <line num="3" count="2" type="stmt"/>
          <line num="7" count="2" type="cond" truecount="0" falsecount="1"/>
          <line num="8" count="8" type="cond" truecount="3" falsecount="2"/>
          <line num="10" count="0" type="stmt"/>
          <line num="12" count="3" type="stmt"/>
          <line num="13" count="1" type="stmt"/>
          <line num="15" count="0" type="stmt"/>
          <line num="17" count="1" type="stmt"/>
          <line num="18" count="1" type="cond" truecount="1" falsecount="1"/>
          <line num="19" count="0" type="stmt"/>
          <line num="21" count="1" type="cond" truecount="1" falsecount="1"/>
          <line num="22" count="1" type="stmt"/>
          <line num="24" count="1" type="stmt"/>
          <line num="26" count="0" type="stmt"/>
          <line num="28" count="6" type="stmt"/>
          <line num="32" count="2" type="cond" truecount="1" falsecount="0"/>
          <line num="33" count="8" type="stmt"/>
          <line num="34" count="8" type="stmt"/>
        </file>
        <file name="products.js" path="/Volumes/workspace/diary/dec12/matchboxes/v3/src/reducers/products.js">
          <metrics statements="4" coveredstatements="4" conditionals="3" coveredconditionals="3" methods="1" coveredmethods="1"/>
          <line num="1" count="1" type="stmt"/>
          <line num="4" count="6" type="cond" truecount="2" falsecount="0"/>
          <line num="6" count="3" type="stmt"/>
          <line num="8" count="3" type="stmt"/>
        </file>
      </package>
      <package name="v3.src.selectors">
        <metrics statements="0" coveredstatements="0" conditionals="0" coveredconditionals="0" methods="0" coveredmethods="0"/>
        <file name="index.js" path="/Volumes/workspace/diary/dec12/matchboxes/v3/src/selectors/index.js">
          <metrics statements="0" coveredstatements="0" conditionals="0" coveredconditionals="0" methods="0" coveredmethods="0"/>
        </file>
      </package>
      <package name="v3.src.utils">
        <metrics statements="20" coveredstatements="13" conditionals="2" coveredconditionals="2" methods="12" coveredmethods="4"/>
        <file name="index.js" path="/Volumes/workspace/diary/dec12/matchboxes/v3/src/utils/index.js">
          <metrics statements="20" coveredstatements="13" conditionals="2" coveredconditionals="2" methods="12" coveredmethods="4"/>
          <line num="3" count="2" type="stmt"/>
          <line num="4" count="0" type="stmt"/>
          <line num="7" count="2" type="stmt"/>
          <line num="8" count="0" type="stmt"/>
          <line num="11" count="2" type="stmt"/>
          <line num="12" count="0" type="stmt"/>
          <line num="15" count="2" type="stmt"/>
          <line num="16" count="0" type="stmt"/>
          <line num="17" count="0" type="stmt"/>
          <line num="20" count="2" type="stmt"/>
          <line num="21" count="0" type="stmt"/>
          <line num="22" count="0" type="stmt"/>
          <line num="26" count="6" type="stmt"/>
          <line num="29" count="2" type="stmt"/>
          <line num="30" count="1" type="stmt"/>
          <line num="31" count="3" type="cond" truecount="2" falsecount="0"/>
          <line num="32" count="2" type="stmt"/>
          <line num="33" count="2" type="stmt"/>
          <line num="35" count="1" type="stmt"/>
          <line num="38" count="1" type="stmt"/>
        </file>
      </package>
    </metrics>
  </project>
</coverage>
