{"/Volumes/workspace/diary/dec12/matchboxes/v3/empty-module.js": {"path":"/Volumes/workspace/diary/dec12/matchboxes/v3/empty-module.js","statementMap":{"0":{"start":{"line":1,"column":0},"end":{"line":1,"column":19}}},"fnMap":{},"branchMap":{},"s":{"0":2},"f":{},"b":{},"_coverageSchema":"332fd63041d2c1bcb487cc26dd0d5f7d97098a6c","hash":"743bba7360094fe78533737d776cdf4083e10283"}
,"/Volumes/workspace/diary/dec12/matchboxes/v3/src/store.js": {"path":"/Volumes/workspace/diary/dec12/matchboxes/v3/src/store.js","statementMap":{"0":{"start":{"line":12,"column":17},"end":{"line":15,"column":2}},"1":{"start":{"line":16,"column":19},"end":{"line":16,"column":26}}},"fnMap":{},"branchMap":{"0":{"loc":{"start":{"line":20,"column":2},"end":{"line":20,"column":78}},"type":"binary-expr","locations":[{"start":{"line":20,"column":2},"end":{"line":20,"column":37}},{"start":{"line":20,"column":41},"end":{"line":20,"column":78}}],"line":20}},"s":{"0":1,"1":1},"f":{},"b":{"0":[1,0]},"_coverageSchema":"332fd63041d2c1bcb487cc26dd0d5f7d97098a6c","hash":"de686bb96bbe3d8790eca5d07df2980b3e4a194d"}
,"/Volumes/workspace/diary/dec12/matchboxes/v3/src/actions/index.js": {"path":"/Volumes/workspace/diary/dec12/matchboxes/v3/src/actions/index.js","statementMap":{"0":{"start":{"line":1,"column":16},"end":{"line":1,"column":80}},"1":{"start":{"line":2,"column":17},"end":{"line":2,"column":63}},"2":{"start":{"line":5,"column":27},"end":{"line":13,"column":1}},"3":{"start":{"line":6,"column":19},"end":{"line":6,"column":31}},"4":{"start":{"line":7,"column":2},"end":{"line":12,"column":3}},"5":{"start":{"line":8,"column":4},"end":{"line":11,"column":39}},"6":{"start":{"line":9,"column":22},"end":{"line":9,"column":37}},"7":{"start":{"line":10,"column":17},"end":{"line":10,"column":52}},"8":{"start":{"line":11,"column":20},"end":{"line":11,"column":38}},"9":{"start":{"line":15,"column":27},"end":{"line":20,"column":1}},"10":{"start":{"line":16,"column":2},"end":{"line":19,"column":3}},"11":{"start":{"line":22,"column":25},"end":{"line":25,"column":2}},"12":{"start":{"line":22,"column":39},"end":{"line":25,"column":1}},"13":{"start":{"line":27,"column":26},"end":{"line":38,"column":1}},"14":{"start":{"line":28,"column":2},"end":{"line":33,"column":3}},"15":{"start":{"line":29,"column":4},"end":{"line":32,"column":6}},"16":{"start":{"line":34,"column":2},"end":{"line":37,"column":4}},"17":{"start":{"line":40,"column":30},"end":{"line":43,"column":2}},"18":{"start":{"line":40,"column":44},"end":{"line":43,"column":1}}},"fnMap":{"0":{"name":"(anonymous_0)","decl":{"start":{"line":5,"column":27},"end":{"line":5,"column":28}},"loc":{"start":{"line":5,"column":33},"end":{"line":13,"column":1}},"line":5},"1":{"name":"(anonymous_1)","decl":{"start":{"line":7,"column":9},"end":{"line":7,"column":10}},"loc":{"start":{"line":7,"column":21},"end":{"line":12,"column":3}},"line":7},"2":{"name":"(anonymous_2)","decl":{"start":{"line":9,"column":10},"end":{"line":9,"column":11}},"loc":{"start":{"line":9,"column":22},"end":{"line":9,"column":37}},"line":9},"3":{"name":"(anonymous_3)","decl":{"start":{"line":10,"column":10},"end":{"line":10,"column":11}},"loc":{"start":{"line":10,"column":17},"end":{"line":10,"column":52}},"line":10},"4":{"name":"(anonymous_4)","decl":{"start":{"line":11,"column":11},"end":{"line":11,"column":12}},"loc":{"start":{"line":11,"column":20},"end":{"line":11,"column":38}},"line":11},"5":{"name":"(anonymous_5)","decl":{"start":{"line":15,"column":27},"end":{"line":15,"column":28}},"loc":{"start":{"line":15,"column":39},"end":{"line":20,"column":1}},"line":15},"6":{"name":"(anonymous_6)","decl":{"start":{"line":22,"column":25},"end":{"line":22,"column":26}},"loc":{"start":{"line":22,"column":39},"end":{"line":25,"column":1}},"line":22},"7":{"name":"(anonymous_7)","decl":{"start":{"line":27,"column":26},"end":{"line":27,"column":27}},"loc":{"start":{"line":27,"column":48},"end":{"line":38,"column":1}},"line":27},"8":{"name":"(anonymous_8)","decl":{"start":{"line":40,"column":30},"end":{"line":40,"column":31}},"loc":{"start":{"line":40,"column":44},"end":{"line":43,"column":1}},"line":40}},"branchMap":{"0":{"loc":{"start":{"line":28,"column":2},"end":{"line":33,"column":3}},"type":"if","locations":[{"start":{"line":28,"column":2},"end":{"line":33,"column":3}},{"start":{"line":28,"column":2},"end":{"line":33,"column":3}}],"line":28}},"s":{"0":3,"1":3,"2":3,"3":4,"4":4,"5":4,"6":1,"7":1,"8":0,"9":3,"10":1,"11":3,"12":0,"13":3,"14":0,"15":0,"16":0,"17":3,"18":0},"f":{"0":4,"1":4,"2":1,"3":1,"4":0,"5":1,"6":0,"7":0,"8":0},"b":{"0":[0,0]},"_coverageSchema":"332fd63041d2c1bcb487cc26dd0d5f7d97098a6c","hash":"e0a102dc5889c2550508566fc1ad57ac9ed04a65"}
,"/Volumes/workspace/diary/dec12/matchboxes/v3/src/components/Cart.js": {"path":"/Volumes/workspace/diary/dec12/matchboxes/v3/src/components/Cart.js","statementMap":{"0":{"start":{"line":5,"column":14},"end":{"line":24,"column":1}},"1":{"start":{"line":6,"column":22},"end":{"line":6,"column":41}},"2":{"start":{"line":7,"column":16},"end":{"line":12,"column":3}},"3":{"start":{"line":13,"column":16},"end":{"line":20,"column":3}},"4":{"start":{"line":21,"column":2},"end":{"line":23,"column":3}}},"fnMap":{"0":{"name":"(anonymous_0)","decl":{"start":{"line":5,"column":14},"end":{"line":5,"column":15}},"loc":{"start":{"line":5,"column":45},"end":{"line":24,"column":1}},"line":5}},"branchMap":{"0":{"loc":{"start":{"line":13,"column":16},"end":{"line":20,"column":3}},"type":"cond-expr","locations":[{"start":{"line":14,"column":6},"end":{"line":17,"column":12}},{"start":{"line":19,"column":6},"end":{"line":19,"column":44}}],"line":13}},"s":{"0":1,"1":0,"2":0,"3":0,"4":0},"f":{"0":0},"b":{"0":[0,0]},"_coverageSchema":"332fd63041d2c1bcb487cc26dd0d5f7d97098a6c","hash":"f7b7a0b4986f9b3cf04add0dde4c8809a9bcfb66"}
,"/Volumes/workspace/diary/dec12/matchboxes/v3/src/components/CartContainer.js": {"path":"/Volumes/workspace/diary/dec12/matchboxes/v3/src/components/CartContainer.js","statementMap":{"0":{"start":{"line":12,"column":22},"end":{"line":24,"column":12}},"1":{"start":{"line":13,"column":0},"end":{"line":24,"column":12}},"2":{"start":{"line":26,"column":24},"end":{"line":33,"column":1}},"3":{"start":{"line":27,"column":2},"end":{"line":32,"column":4}}},"fnMap":{"0":{"name":"(anonymous_0)","decl":{"start":{"line":12,"column":22},"end":{"line":12,"column":23}},"loc":{"start":{"line":13,"column":0},"end":{"line":24,"column":12}},"line":13},"1":{"name":"(anonymous_1)","decl":{"start":{"line":26,"column":24},"end":{"line":26,"column":25}},"loc":{"start":{"line":26,"column":33},"end":{"line":33,"column":1}},"line":26}},"branchMap":{},"s":{"0":1,"1":0,"2":1,"3":0},"f":{"0":0,"1":0},"b":{},"_coverageSchema":"332fd63041d2c1bcb487cc26dd0d5f7d97098a6c","hash":"a09680b4fbfb47d20098886ce7c87c45e95768d9"}
,"/Volumes/workspace/diary/dec12/matchboxes/v3/src/components/Checkout.js": {"path":"/Volumes/workspace/diary/dec12/matchboxes/v3/src/components/Checkout.js","statementMap":{"0":{"start":{"line":9,"column":14},"end":{"line":26,"column":1}},"1":{"start":{"line":28,"column":26},"end":{"line":102,"column":8}},"2":{"start":{"line":29,"column":0},"end":{"line":102,"column":8}},"3":{"start":{"line":106,"column":24},"end":{"line":112,"column":1}},"4":{"start":{"line":107,"column":2},"end":{"line":111,"column":4}}},"fnMap":{"0":{"name":"(anonymous_0)","decl":{"start":{"line":28,"column":26},"end":{"line":28,"column":27}},"loc":{"start":{"line":29,"column":0},"end":{"line":102,"column":8}},"line":29},"1":{"name":"(anonymous_1)","decl":{"start":{"line":106,"column":24},"end":{"line":106,"column":25}},"loc":{"start":{"line":106,"column":33},"end":{"line":112,"column":1}},"line":106}},"branchMap":{},"s":{"0":1,"1":1,"2":0,"3":1,"4":0},"f":{"0":0,"1":0},"b":{},"_coverageSchema":"332fd63041d2c1bcb487cc26dd0d5f7d97098a6c","hash":"891502d593dd86d616cf61e165b9bee1bb9178e3"}
,"/Volumes/workspace/diary/dec12/matchboxes/v3/src/components/Product.js": {"path":"/Volumes/workspace/diary/dec12/matchboxes/v3/src/components/Product.js","statementMap":{"0":{"start":{"line":3,"column":19},"end":{"line":3,"column":40}},"1":{"start":{"line":11,"column":16},"end":{"line":40,"column":3}},"2":{"start":{"line":13,"column":4},"end":{"line":39,"column":5}},"3":{"start":{"line":19,"column":57},"end":{"line":19,"column":90}},"4":{"start":{"line":42,"column":26},"end":{"line":47,"column":1}},"5":{"start":{"line":44,"column":2},"end":{"line":46,"column":4}}},"fnMap":{"0":{"name":"(anonymous_0)","decl":{"start":{"line":11,"column":16},"end":{"line":11,"column":17}},"loc":{"start":{"line":11,"column":27},"end":{"line":40,"column":3}},"line":11},"1":{"name":"(anonymous_1)","decl":{"start":{"line":19,"column":51},"end":{"line":19,"column":52}},"loc":{"start":{"line":19,"column":57},"end":{"line":19,"column":90}},"line":19},"2":{"name":"(anonymous_2)","decl":{"start":{"line":42,"column":26},"end":{"line":42,"column":27}},"loc":{"start":{"line":42,"column":46},"end":{"line":47,"column":1}},"line":42}},"branchMap":{"0":{"loc":{"start":{"line":14,"column":6},"end":{"line":38,"column":12}},"type":"cond-expr","locations":[{"start":{"line":15,"column":8},"end":{"line":37,"column":14}},{"start":{"line":38,"column":8},"end":{"line":38,"column":12}}],"line":14}},"s":{"0":1,"1":1,"2":0,"3":0,"4":1,"5":0},"f":{"0":0,"1":0,"2":0},"b":{"0":[0,0]},"_coverageSchema":"332fd63041d2c1bcb487cc26dd0d5f7d97098a6c","hash":"3e60aec0f6746edd56fa91010733d830bc890eed"}
,"/Volumes/workspace/diary/dec12/matchboxes/v3/src/components/ProductItem.js": {"path":"/Volumes/workspace/diary/dec12/matchboxes/v3/src/components/ProductItem.js","statementMap":{"0":{"start":{"line":8,"column":20},"end":{"line":8,"column":38}},"1":{"start":{"line":9,"column":4},"end":{"line":9,"column":43}},"2":{"start":{"line":10,"column":4},"end":{"line":33,"column":5}},"3":{"start":{"line":25,"column":25},"end":{"line":25,"column":66}}},"fnMap":{"0":{"name":"(anonymous_0)","decl":{"start":{"line":7,"column":2},"end":{"line":7,"column":3}},"loc":{"start":{"line":7,"column":11},"end":{"line":34,"column":3}},"line":7},"1":{"name":"(anonymous_1)","decl":{"start":{"line":25,"column":19},"end":{"line":25,"column":20}},"loc":{"start":{"line":25,"column":25},"end":{"line":25,"column":66}},"line":25}},"branchMap":{},"s":{"0":1,"1":1,"2":1,"3":0},"f":{"0":1,"1":0},"b":{},"_coverageSchema":"332fd63041d2c1bcb487cc26dd0d5f7d97098a6c","hash":"0e43bbb6221cbb09f072d0ea19a2c9d621680d76"}
,"/Volumes/workspace/diary/dec12/matchboxes/v3/src/components/Products.js": {"path":"/Volumes/workspace/diary/dec12/matchboxes/v3/src/components/Products.js","statementMap":{"0":{"start":{"line":3,"column":19},"end":{"line":3,"column":40}},"1":{"start":{"line":14,"column":18},"end":{"line":18,"column":5}},"2":{"start":{"line":20,"column":4},"end":{"line":29,"column":5}},"3":{"start":{"line":25,"column":12},"end":{"line":25,"column":116}},"4":{"start":{"line":25,"column":69},"end":{"line":25,"column":101}},"5":{"start":{"line":33,"column":24},"end":{"line":37,"column":1}},"6":{"start":{"line":34,"column":2},"end":{"line":36,"column":6}}},"fnMap":{"0":{"name":"(anonymous_0)","decl":{"start":{"line":13,"column":2},"end":{"line":13,"column":3}},"loc":{"start":{"line":13,"column":11},"end":{"line":30,"column":3}},"line":13},"1":{"name":"(anonymous_1)","decl":{"start":{"line":24,"column":34},"end":{"line":24,"column":35}},"loc":{"start":{"line":25,"column":12},"end":{"line":25,"column":116}},"line":25},"2":{"name":"(anonymous_2)","decl":{"start":{"line":25,"column":63},"end":{"line":25,"column":64}},"loc":{"start":{"line":25,"column":69},"end":{"line":25,"column":101}},"line":25},"3":{"name":"(anonymous_3)","decl":{"start":{"line":33,"column":24},"end":{"line":33,"column":25}},"loc":{"start":{"line":33,"column":35},"end":{"line":37,"column":1}},"line":33}},"branchMap":{"0":{"loc":{"start":{"line":23,"column":9},"end":{"line":26,"column":16}},"type":"cond-expr","locations":[{"start":{"line":24,"column":10},"end":{"line":25,"column":117}},{"start":{"line":26,"column":12},"end":{"line":26,"column":16}}],"line":23}},"s":{"0":1,"1":0,"2":0,"3":0,"4":0,"5":1,"6":0},"f":{"0":0,"1":0,"2":0,"3":0},"b":{"0":[0,0]},"_coverageSchema":"332fd63041d2c1bcb487cc26dd0d5f7d97098a6c","hash":"7baad5925afa403a30fb0bb515f6ea71d6c8f3aa"}
,"/Volumes/workspace/diary/dec12/matchboxes/v3/src/components/TableCart.js": {"path":"/Volumes/workspace/diary/dec12/matchboxes/v3/src/components/TableCart.js","statementMap":{"0":{"start":{"line":9,"column":4},"end":{"line":9,"column":17}},"1":{"start":{"line":14,"column":4},"end":{"line":16,"column":5}},"2":{"start":{"line":15,"column":6},"end":{"line":15,"column":45}},"3":{"start":{"line":22,"column":18},"end":{"line":27,"column":5}},"4":{"start":{"line":28,"column":4},"end":{"line":54,"column":6}},"5":{"start":{"line":31,"column":44},"end":{"line":51,"column":15}},"6":{"start":{"line":43,"column":85},"end":{"line":43,"column":112}},"7":{"start":{"line":49,"column":61},"end":{"line":49,"column":92}},"8":{"start":{"line":58,"column":24},"end":{"line":62,"column":2}},"9":{"start":{"line":58,"column":34},"end":{"line":62,"column":1}}},"fnMap":{"0":{"name":"(anonymous_0)","decl":{"start":{"line":8,"column":2},"end":{"line":8,"column":3}},"loc":{"start":{"line":8,"column":21},"end":{"line":10,"column":3}},"line":8},"1":{"name":"(anonymous_1)","decl":{"start":{"line":12,"column":2},"end":{"line":12,"column":3}},"loc":{"start":{"line":12,"column":19},"end":{"line":18,"column":3}},"line":12},"2":{"name":"(anonymous_2)","decl":{"start":{"line":20,"column":2},"end":{"line":20,"column":3}},"loc":{"start":{"line":20,"column":11},"end":{"line":55,"column":3}},"line":20},"3":{"name":"(anonymous_3)","decl":{"start":{"line":31,"column":35},"end":{"line":31,"column":36}},"loc":{"start":{"line":31,"column":44},"end":{"line":51,"column":15}},"line":31},"4":{"name":"(anonymous_4)","decl":{"start":{"line":43,"column":76},"end":{"line":43,"column":77}},"loc":{"start":{"line":43,"column":85},"end":{"line":43,"column":112}},"line":43},"5":{"name":"(anonymous_5)","decl":{"start":{"line":49,"column":55},"end":{"line":49,"column":56}},"loc":{"start":{"line":49,"column":61},"end":{"line":49,"column":92}},"line":49},"6":{"name":"(anonymous_6)","decl":{"start":{"line":58,"column":24},"end":{"line":58,"column":25}},"loc":{"start":{"line":58,"column":34},"end":{"line":62,"column":1}},"line":58}},"branchMap":{"0":{"loc":{"start":{"line":14,"column":4},"end":{"line":16,"column":5}},"type":"if","locations":[{"start":{"line":14,"column":4},"end":{"line":16,"column":5}},{"start":{"line":14,"column":4},"end":{"line":16,"column":5}}],"line":14},"1":{"loc":{"start":{"line":43,"column":51},"end":{"line":43,"column":63}},"type":"binary-expr","locations":[{"start":{"line":43,"column":51},"end":{"line":43,"column":58}},{"start":{"line":43,"column":62},"end":{"line":43,"column":63}}],"line":43}},"s":{"0":0,"1":0,"2":0,"3":0,"4":0,"5":0,"6":0,"7":0,"8":1,"9":0},"f":{"0":0,"1":0,"2":0,"3":0,"4":0,"5":0,"6":0},"b":{"0":[0,0],"1":[0,0]},"_coverageSchema":"332fd63041d2c1bcb487cc26dd0d5f7d97098a6c","hash":"85cb0c634a19e7af71a1be87b48d80657ea9ae2c"}
,"/Volumes/workspace/diary/dec12/matchboxes/v3/src/containers/App.js": {"path":"/Volumes/workspace/diary/dec12/matchboxes/v3/src/containers/App.js","statementMap":{"0":{"start":{"line":9,"column":19},"end":{"line":9,"column":40}},"1":{"start":{"line":20,"column":4},"end":{"line":20,"column":28}},"2":{"start":{"line":25,"column":18},"end":{"line":27,"column":48}},"3":{"start":{"line":29,"column":4},"end":{"line":42,"column":6}}},"fnMap":{"0":{"name":"(anonymous_0)","decl":{"start":{"line":19,"column":2},"end":{"line":19,"column":3}},"loc":{"start":{"line":19,"column":24},"end":{"line":21,"column":3}},"line":19},"1":{"name":"(anonymous_1)","decl":{"start":{"line":23,"column":2},"end":{"line":23,"column":3}},"loc":{"start":{"line":23,"column":10},"end":{"line":43,"column":3}},"line":23}},"branchMap":{},"s":{"0":1,"1":3,"2":3,"3":3},"f":{"0":3,"1":3},"b":{},"_coverageSchema":"332fd63041d2c1bcb487cc26dd0d5f7d97098a6c","hash":"1aa648fc9087c514ade2ffab046f642fa8b67085"}
,"/Volumes/workspace/diary/dec12/matchboxes/v3/src/reducers/cart.js": {"path":"/Volumes/workspace/diary/dec12/matchboxes/v3/src/reducers/cart.js","statementMap":{"0":{"start":{"line":3,"column":21},"end":{"line":5,"column":1}},"1":{"start":{"line":7,"column":17},"end":{"line":30,"column":1}},"2":{"start":{"line":8,"column":2},"end":{"line":29,"column":3}},"3":{"start":{"line":10,"column":6},"end":{"line":10,"column":42}},"4":{"start":{"line":12,"column":21},"end":{"line":12,"column":94}},"5":{"start":{"line":12,"column":45},"end":{"line":12,"column":69}},"6":{"start":{"line":13,"column":6},"end":{"line":13,"column":21}},"7":{"start":{"line":15,"column":6},"end":{"line":15,"column":43}},"8":{"start":{"line":17,"column":18},"end":{"line":17,"column":49}},"9":{"start":{"line":18,"column":6},"end":{"line":25,"column":7}},"10":{"start":{"line":19,"column":8},"end":{"line":19,"column":17}},"11":{"start":{"line":21,"column":11},"end":{"line":25,"column":7}},"12":{"start":{"line":22,"column":27},"end":{"line":23,"column":58}},"13":{"start":{"line":24,"column":6},"end":{"line":24,"column":25}},"14":{"start":{"line":26,"column":6},"end":{"line":26,"column":18}},"15":{"start":{"line":28,"column":6},"end":{"line":28,"column":18}},"16":{"start":{"line":32,"column":13},"end":{"line":37,"column":1}},"17":{"start":{"line":33,"column":2},"end":{"line":33,"column":18}},"18":{"start":{"line":34,"column":6},"end":{"line":36,"column":7}}},"fnMap":{"0":{"name":"(anonymous_0)","decl":{"start":{"line":7,"column":17},"end":{"line":7,"column":18}},"loc":{"start":{"line":7,"column":60},"end":{"line":30,"column":1}},"line":7},"1":{"name":"(anonymous_1)","decl":{"start":{"line":12,"column":40},"end":{"line":12,"column":41}},"loc":{"start":{"line":12,"column":45},"end":{"line":12,"column":69}},"line":12},"2":{"name":"(anonymous_2)","decl":{"start":{"line":32,"column":13},"end":{"line":32,"column":14}},"loc":{"start":{"line":32,"column":47},"end":{"line":37,"column":1}},"line":32}},"branchMap":{"0":{"loc":{"start":{"line":7,"column":18},"end":{"line":7,"column":47}},"type":"default-arg","locations":[{"start":{"line":7,"column":26},"end":{"line":7,"column":47}}],"line":7},"1":{"loc":{"start":{"line":8,"column":2},"end":{"line":29,"column":3}},"type":"switch","locations":[{"start":{"line":9,"column":4},"end":{"line":10,"column":42}},{"start":{"line":11,"column":4},"end":{"line":13,"column":21}},{"start":{"line":14,"column":4},"end":{"line":15,"column":43}},{"start":{"line":16,"column":4},"end":{"line":26,"column":18}},{"start":{"line":27,"column":4},"end":{"line":28,"column":18}}],"line":8},"2":{"loc":{"start":{"line":18,"column":6},"end":{"line":25,"column":7}},"type":"if","locations":[{"start":{"line":18,"column":6},"end":{"line":25,"column":7}},{"start":{"line":18,"column":6},"end":{"line":25,"column":7}}],"line":18},"3":{"loc":{"start":{"line":21,"column":11},"end":{"line":25,"column":7}},"type":"if","locations":[{"start":{"line":21,"column":11},"end":{"line":25,"column":7}},{"start":{"line":21,"column":11},"end":{"line":25,"column":7}}],"line":21},"4":{"loc":{"start":{"line":32,"column":14},"end":{"line":32,"column":34}},"type":"default-arg","locations":[{"start":{"line":32,"column":22},"end":{"line":32,"column":34}}],"line":32}},"s":{"0":2,"1":2,"2":8,"3":0,"4":1,"5":3,"6":1,"7":0,"8":1,"9":1,"10":0,"11":1,"12":1,"13":1,"14":0,"15":6,"16":2,"17":8,"18":8},"f":{"0":8,"1":3,"2":8},"b":{"0":[0],"1":[0,1,0,1,6],"2":[0,1],"3":[1,0],"4":[3]},"_coverageSchema":"332fd63041d2c1bcb487cc26dd0d5f7d97098a6c","hash":"666d43b46a9e12c4168837495aead70402fdbc86"}
,"/Volumes/workspace/diary/dec12/matchboxes/v3/src/reducers/products.js": {"path":"/Volumes/workspace/diary/dec12/matchboxes/v3/src/reducers/products.js","statementMap":{"0":{"start":{"line":1,"column":21},"end":{"line":1,"column":23}},"1":{"start":{"line":4,"column":2},"end":{"line":9,"column":3}},"2":{"start":{"line":6,"column":6},"end":{"line":6,"column":29}},"3":{"start":{"line":8,"column":6},"end":{"line":8,"column":19}}},"fnMap":{"0":{"name":"(anonymous_0)","decl":{"start":{"line":3,"column":15},"end":{"line":3,"column":16}},"loc":{"start":{"line":3,"column":49},"end":{"line":10,"column":1}},"line":3}},"branchMap":{"0":{"loc":{"start":{"line":3,"column":16},"end":{"line":3,"column":36}},"type":"default-arg","locations":[{"start":{"line":3,"column":24},"end":{"line":3,"column":36}}],"line":3},"1":{"loc":{"start":{"line":4,"column":2},"end":{"line":9,"column":3}},"type":"switch","locations":[{"start":{"line":5,"column":4},"end":{"line":6,"column":29}},{"start":{"line":7,"column":4},"end":{"line":8,"column":19}}],"line":4}},"s":{"0":1,"1":6,"2":3,"3":3},"f":{"0":6},"b":{"0":[3],"1":[3,3]},"_coverageSchema":"332fd63041d2c1bcb487cc26dd0d5f7d97098a6c","hash":"87e360d3d519289d1ad0b7ff5b30398fc0c5dd1a"}
,"/Volumes/workspace/diary/dec12/matchboxes/v3/src/selectors/index.js": {"path":"/Volumes/workspace/diary/dec12/matchboxes/v3/src/selectors/index.js","statementMap":{},"fnMap":{},"branchMap":{},"s":{},"f":{},"b":{},"_coverageSchema":"332fd63041d2c1bcb487cc26dd0d5f7d97098a6c","hash":"cfb1aa0b385b004197d89ef1305b2f5812da9db4"}
,"/Volumes/workspace/diary/dec12/matchboxes/v3/src/utils/index.js": {"path":"/Volumes/workspace/diary/dec12/matchboxes/v3/src/utils/index.js","statementMap":{"0":{"start":{"line":3,"column":16},"end":{"line":5,"column":1}},"1":{"start":{"line":4,"column":2},"end":{"line":4,"column":13}},"2":{"start":{"line":7,"column":24},"end":{"line":9,"column":1}},"3":{"start":{"line":8,"column":2},"end":{"line":8,"column":82}},"4":{"start":{"line":8,"column":27},"end":{"line":8,"column":50}},"5":{"start":{"line":11,"column":22},"end":{"line":13,"column":1}},"6":{"start":{"line":12,"column":2},"end":{"line":12,"column":100}},"7":{"start":{"line":12,"column":27},"end":{"line":12,"column":67}},"8":{"start":{"line":15,"column":31},"end":{"line":18,"column":1}},"9":{"start":{"line":16,"column":17},"end":{"line":16,"column":62}},"10":{"start":{"line":17,"column":2},"end":{"line":17,"column":17}},"11":{"start":{"line":20,"column":29},"end":{"line":23,"column":1}},"12":{"start":{"line":21,"column":18},"end":{"line":21,"column":76}},"13":{"start":{"line":21,"column":45},"end":{"line":21,"column":72}},"14":{"start":{"line":22,"column":2},"end":{"line":22,"column":17}},"15":{"start":{"line":26,"column":2},"end":{"line":26,"column":54}},"16":{"start":{"line":26,"column":32},"end":{"line":26,"column":49}},"17":{"start":{"line":29,"column":25},"end":{"line":39,"column":1}},"18":{"start":{"line":30,"column":19},"end":{"line":37,"column":1}},"19":{"start":{"line":31,"column":4},"end":{"line":34,"column":5}},"20":{"start":{"line":32,"column":6},"end":{"line":32,"column":50}},"21":{"start":{"line":33,"column":6},"end":{"line":33,"column":20}},"22":{"start":{"line":35,"column":4},"end":{"line":35,"column":16}},"23":{"start":{"line":38,"column":2},"end":{"line":38,"column":20}}},"fnMap":{"0":{"name":"(anonymous_0)","decl":{"start":{"line":3,"column":16},"end":{"line":3,"column":17}},"loc":{"start":{"line":3,"column":30},"end":{"line":5,"column":1}},"line":3},"1":{"name":"(anonymous_1)","decl":{"start":{"line":7,"column":24},"end":{"line":7,"column":25}},"loc":{"start":{"line":7,"column":33},"end":{"line":9,"column":1}},"line":7},"2":{"name":"(anonymous_2)","decl":{"start":{"line":8,"column":19},"end":{"line":8,"column":20}},"loc":{"start":{"line":8,"column":27},"end":{"line":8,"column":50}},"line":8},"3":{"name":"(anonymous_3)","decl":{"start":{"line":11,"column":22},"end":{"line":11,"column":23}},"loc":{"start":{"line":11,"column":31},"end":{"line":13,"column":1}},"line":11},"4":{"name":"(anonymous_4)","decl":{"start":{"line":12,"column":19},"end":{"line":12,"column":20}},"loc":{"start":{"line":12,"column":27},"end":{"line":12,"column":67}},"line":12},"5":{"name":"(anonymous_5)","decl":{"start":{"line":15,"column":31},"end":{"line":15,"column":32}},"loc":{"start":{"line":15,"column":40},"end":{"line":18,"column":1}},"line":15},"6":{"name":"(anonymous_6)","decl":{"start":{"line":20,"column":29},"end":{"line":20,"column":30}},"loc":{"start":{"line":20,"column":46},"end":{"line":23,"column":1}},"line":20},"7":{"name":"(anonymous_7)","decl":{"start":{"line":21,"column":34},"end":{"line":21,"column":35}},"loc":{"start":{"line":21,"column":45},"end":{"line":21,"column":72}},"line":21},"8":{"name":"countInArray","decl":{"start":{"line":25,"column":9},"end":{"line":25,"column":21}},"loc":{"start":{"line":25,"column":36},"end":{"line":27,"column":1}},"line":25},"9":{"name":"(anonymous_9)","decl":{"start":{"line":26,"column":22},"end":{"line":26,"column":23}},"loc":{"start":{"line":26,"column":32},"end":{"line":26,"column":49}},"line":26},"10":{"name":"(anonymous_10)","decl":{"start":{"line":29,"column":25},"end":{"line":29,"column":26}},"loc":{"start":{"line":29,"column":43},"end":{"line":39,"column":1}},"line":29},"11":{"name":"(anonymous_11)","decl":{"start":{"line":30,"column":35},"end":{"line":30,"column":36}},"loc":{"start":{"line":30,"column":46},"end":{"line":36,"column":3}},"line":30}},"branchMap":{"0":{"loc":{"start":{"line":31,"column":4},"end":{"line":34,"column":5}},"type":"if","locations":[{"start":{"line":31,"column":4},"end":{"line":34,"column":5}},{"start":{"line":31,"column":4},"end":{"line":34,"column":5}}],"line":31}},"s":{"0":2,"1":0,"2":2,"3":0,"4":0,"5":2,"6":0,"7":0,"8":2,"9":0,"10":0,"11":2,"12":0,"13":0,"14":0,"15":2,"16":6,"17":2,"18":1,"19":3,"20":2,"21":2,"22":1,"23":1},"f":{"0":0,"1":0,"2":0,"3":0,"4":0,"5":0,"6":0,"7":0,"8":2,"9":6,"10":1,"11":3},"b":{"0":[2,1]},"_coverageSchema":"332fd63041d2c1bcb487cc26dd0d5f7d97098a6c","hash":"13ec47140db5dde7db94b676965b7c9b97386d74"}
}
