TN:
SF:/Volumes/workspace/diary/dec12/matchboxes/v3/empty-module.js
FNF:0
FNH:0
DA:1,2
LF:1
LH:1
BRF:0
BRH:0
end_of_record
TN:
SF:/Volumes/workspace/diary/dec12/matchboxes/v3/src/store.js
FNF:0
FNH:0
DA:12,1
DA:16,1
LF:2
LH:2
BRDA:20,0,0,1
BRDA:20,0,1,0
BRF:2
BRH:1
end_of_record
TN:
SF:/Volumes/workspace/diary/dec12/matchboxes/v3/src/actions/index.js
FN:5,(anonymous_0)
FN:7,(anonymous_1)
FN:9,(anonymous_2)
FN:10,(anonymous_3)
FN:11,(anonymous_4)
FN:15,(anonymous_5)
FN:22,(anonymous_6)
FN:27,(anonymous_7)
FN:40,(anonymous_8)
FNF:9
FNH:5
FNDA:4,(anonymous_0)
FNDA:4,(anonymous_1)
FNDA:1,(anonymous_2)
FNDA:1,(anonymous_3)
FNDA:0,(anonymous_4)
FNDA:1,(anonymous_5)
FNDA:0,(anonymous_6)
FNDA:0,(anonymous_7)
FNDA:0,(anonymous_8)
DA:1,3
DA:2,3
DA:5,3
DA:6,4
DA:7,4
DA:8,4
DA:9,1
DA:10,1
DA:11,0
DA:15,3
DA:16,1
DA:22,3
DA:27,3
DA:28,0
DA:29,0
DA:34,0
DA:40,3
LF:17
LH:13
BRDA:28,0,0,0
BRDA:28,0,1,0
BRF:2
BRH:0
end_of_record
TN:
SF:/Volumes/workspace/diary/dec12/matchboxes/v3/src/components/Cart.js
FN:5,(anonymous_0)
FNF:1
FNH:0
FNDA:0,(anonymous_0)
DA:5,1
DA:6,0
DA:7,0
DA:13,0
DA:21,0
LF:5
LH:1
BRDA:13,0,0,0
BRDA:13,0,1,0
BRF:2
BRH:0
end_of_record
TN:
SF:/Volumes/workspace/diary/dec12/matchboxes/v3/src/components/CartContainer.js
FN:12,(anonymous_0)
FN:26,(anonymous_1)
FNF:2
FNH:0
FNDA:0,(anonymous_0)
FNDA:0,(anonymous_1)
DA:12,1
DA:13,0
DA:26,1
DA:27,0
LF:4
LH:2
BRF:0
BRH:0
end_of_record
TN:
SF:/Volumes/workspace/diary/dec12/matchboxes/v3/src/components/Checkout.js
FN:28,(anonymous_0)
FN:106,(anonymous_1)
FNF:2
FNH:0
FNDA:0,(anonymous_0)
FNDA:0,(anonymous_1)
DA:9,1
DA:28,1
DA:29,0
DA:106,1
DA:107,0
LF:5
LH:3
BRF:0
BRH:0
end_of_record
TN:
SF:/Volumes/workspace/diary/dec12/matchboxes/v3/src/components/Product.js
FN:11,(anonymous_0)
FN:19,(anonymous_1)
FN:42,(anonymous_2)
FNF:3
FNH:0
FNDA:0,(anonymous_0)
FNDA:0,(anonymous_1)
FNDA:0,(anonymous_2)
DA:3,1
DA:11,1
DA:13,0
DA:19,0
DA:42,1
DA:44,0
LF:6
LH:3
BRDA:14,0,0,0
BRDA:14,0,1,0
BRF:2
BRH:0
end_of_record
TN:
SF:/Volumes/workspace/diary/dec12/matchboxes/v3/src/components/ProductItem.js
FN:7,(anonymous_0)
FN:25,(anonymous_1)
FNF:2
FNH:1
FNDA:1,(anonymous_0)
FNDA:0,(anonymous_1)
DA:8,1
DA:9,1
DA:10,1
DA:25,0
LF:4
LH:3
BRF:0
BRH:0
end_of_record
TN:
SF:/Volumes/workspace/diary/dec12/matchboxes/v3/src/components/Products.js
FN:13,(anonymous_0)
FN:24,(anonymous_1)
FN:25,(anonymous_2)
FN:33,(anonymous_3)
FNF:4
FNH:0
FNDA:0,(anonymous_0)
FNDA:0,(anonymous_1)
FNDA:0,(anonymous_2)
FNDA:0,(anonymous_3)
DA:3,1
DA:14,0
DA:20,0
DA:25,0
DA:33,1
DA:34,0
LF:6
LH:2
BRDA:23,0,0,0
BRDA:23,0,1,0
BRF:2
BRH:0
end_of_record
TN:
SF:/Volumes/workspace/diary/dec12/matchboxes/v3/src/components/TableCart.js
FN:8,(anonymous_0)
FN:12,(anonymous_1)
FN:20,(anonymous_2)
FN:31,(anonymous_3)
FN:43,(anonymous_4)
FN:49,(anonymous_5)
FN:58,(anonymous_6)
FNF:7
FNH:0
FNDA:0,(anonymous_0)
FNDA:0,(anonymous_1)
FNDA:0,(anonymous_2)
FNDA:0,(anonymous_3)
FNDA:0,(anonymous_4)
FNDA:0,(anonymous_5)
FNDA:0,(anonymous_6)
DA:9,0
DA:14,0
DA:15,0
DA:22,0
DA:28,0
DA:31,0
DA:43,0
DA:49,0
DA:58,1
LF:9
LH:1
BRDA:14,0,0,0
BRDA:14,0,1,0
BRDA:43,1,0,0
BRDA:43,1,1,0
BRF:4
BRH:0
end_of_record
TN:
SF:/Volumes/workspace/diary/dec12/matchboxes/v3/src/containers/App.js
FN:19,(anonymous_0)
FN:23,(anonymous_1)
FNF:2
FNH:2
FNDA:3,(anonymous_0)
FNDA:3,(anonymous_1)
DA:9,1
DA:20,3
DA:25,3
DA:29,3
LF:4
LH:4
BRF:0
BRH:0
end_of_record
TN:
SF:/Volumes/workspace/diary/dec12/matchboxes/v3/src/reducers/cart.js
FN:7,(anonymous_0)
FN:12,(anonymous_1)
FN:32,(anonymous_2)
FNF:3
FNH:3
FNDA:8,(anonymous_0)
FNDA:3,(anonymous_1)
FNDA:8,(anonymous_2)
DA:3,2
DA:7,2
DA:8,8
DA:10,0
DA:12,3
DA:13,1
DA:15,0
DA:17,1
DA:18,1
DA:19,0
DA:21,1
DA:22,1
DA:24,1
DA:26,0
DA:28,6
DA:32,2
DA:33,8
DA:34,8
LF:18
LH:14
BRDA:7,0,0,0
BRDA:8,1,0,0
BRDA:8,1,1,1
BRDA:8,1,2,0
BRDA:8,1,3,1
BRDA:8,1,4,6
BRDA:18,2,0,0
BRDA:18,2,1,1
BRDA:21,3,0,1
BRDA:21,3,1,0
BRDA:32,4,0,3
BRF:11
BRH:6
end_of_record
TN:
SF:/Volumes/workspace/diary/dec12/matchboxes/v3/src/reducers/products.js
FN:3,(anonymous_0)
FNF:1
FNH:1
FNDA:6,(anonymous_0)
DA:1,1
DA:4,6
DA:6,3
DA:8,3
LF:4
LH:4
BRDA:3,0,0,3
BRDA:4,1,0,3
BRDA:4,1,1,3
BRF:3
BRH:3
end_of_record
TN:
SF:/Volumes/workspace/diary/dec12/matchboxes/v3/src/selectors/index.js
FNF:0
FNH:0
LF:0
LH:0
BRF:0
BRH:0
end_of_record
TN:
SF:/Volumes/workspace/diary/dec12/matchboxes/v3/src/utils/index.js
FN:3,(anonymous_0)
FN:7,(anonymous_1)
FN:8,(anonymous_2)
FN:11,(anonymous_3)
FN:12,(anonymous_4)
FN:15,(anonymous_5)
FN:20,(anonymous_6)
FN:21,(anonymous_7)
FN:25,countInArray
FN:26,(anonymous_9)
FN:29,(anonymous_10)
FN:30,(anonymous_11)
FNF:12
FNH:4
FNDA:0,(anonymous_0)
FNDA:0,(anonymous_1)
FNDA:0,(anonymous_2)
FNDA:0,(anonymous_3)
FNDA:0,(anonymous_4)
FNDA:0,(anonymous_5)
FNDA:0,(anonymous_6)
FNDA:0,(anonymous_7)
FNDA:2,countInArray
FNDA:6,(anonymous_9)
FNDA:1,(anonymous_10)
FNDA:3,(anonymous_11)
DA:3,2
DA:4,0
DA:7,2
DA:8,0
DA:11,2
DA:12,0
DA:15,2
DA:16,0
DA:17,0
DA:20,2
DA:21,0
DA:22,0
DA:26,6
DA:29,2
DA:30,1
DA:31,3
DA:32,2
DA:33,2
DA:35,1
DA:38,1
LF:20
LH:13
BRDA:31,0,0,2
BRDA:31,0,1,1
BRF:2
BRH:2
end_of_record
